<?xml version="1.0" encoding="UTF-8"?>
<testng-results ignored="0" total="1" passed="1" failed="0" skipped="0">
  <reporter-output>
  </reporter-output>
  <suite started-at="2026-05-30T12:13:23 IST" name="Surefire suite" finished-at="2026-05-30T12:13:28 IST" duration-ms="5159">
    <groups>
    </groups>
    <test started-at="2026-05-30T12:13:23 IST" name="Surefire test" finished-at="2026-05-30T12:13:28 IST" duration-ms="5159">
      <class name="com.example.PlaywrightTest">
        <test-method is-config="true" signature="setup()[pri:0, instance:com.example.PlaywrightTest@2805c96b]" started-at="2026-05-30T12:13:23 IST" name="setup" finished-at="2026-05-30T12:13:27 IST" duration-ms="4624" status="PASS">
          <reporter-output>
          </reporter-output>
        </test-method> <!-- setup -->
        <test-method signature="testExampleDomainLoads()[pri:0, instance:com.example.PlaywrightTest@2805c96b]" started-at="2026-05-30T12:13:27 IST" name="testExampleDomainLoads" finished-at="2026-05-30T12:13:28 IST" duration-ms="247" status="PASS">
          <reporter-output>
          </reporter-output>
        </test-method> <!-- testExampleDomainLoads -->
        <test-method is-config="true" signature="teardown()[pri:0, instance:com.example.PlaywrightTest@2805c96b]" started-at="2026-05-30T12:13:28 IST" name="teardown" finished-at="2026-05-30T12:13:28 IST" duration-ms="188" status="PASS">
          <reporter-output>
          </reporter-output>
        </test-method> <!-- teardown -->
      </class> <!-- com.example.PlaywrightTest -->
    </test> <!-- Surefire test -->
  </suite> <!-- Surefire suite -->
</testng-results>
